<?xml version="1.0" encoding="UTF-8"?>
<!-- Generated by org.testng.reporters.JUnitReportReporter -->
<testsuite skipped="0" hostname="DESKTOP-V39QH6A" name="com.testng.practice.ActionsEx2" tests="1" failures="0" timestamp="17 Nov 2022 03:48:52 GMT" time="24.972" errors="0">
  <testcase name="actionEx1" time="24.972" classname="com.testng.practice.ActionsEx2"/>
</testsuite> <!-- com.testng.practice.ActionsEx2 -->
